[2022-04-28 17:50:51] Текст ошибки:
        Page not found | Файл: D:\OpenServer\domains\ishop2.local\public\index.php | Строка: 9
==================
[2022-04-28 17:50:52] Текст ошибки:
        Page not found | Файл: D:\OpenServer\domains\ishop2.local\public\index.php | Строка: 9
==================
[2022-04-28 17:51:30] Текст ошибки:
        Page not found | Файл: D:\OpenServer\domains\ishop2.local\public\index.php | Строка: 9
==================
[2022-04-28 17:51:32] Текст ошибки:
        Page not found | Файл: D:\OpenServer\domains\ishop2.local\public\index.php | Строка: 9
==================
[2022-04-28 17:52:01] Текст ошибки:
        Page not found | Файл: D:\OpenServer\domains\ishop2.local\public\index.php | Строка: 9
==================
[2022-04-28 17:52:02] Текст ошибки:
        Page not found | Файл: D:\OpenServer\domains\ishop2.local\public\index.php | Строка: 9
==================
[2022-04-28 17:52:33] Текст ошибки:
        Page not found | Файл: D:\OpenServer\domains\ishop2.local\public\index.php | Строка: 9
==================
[2022-04-28 17:52:34] Текст ошибки:
        Page not found | Файл: D:\OpenServer\domains\ishop2.local\public\index.php | Строка: 9
==================
[2022-04-28 17:52:45] Текст ошибки:
        Page not found | Файл: D:\OpenServer\domains\ishop2.local\public\index.php | Строка: 9
==================
[2022-04-28 17:52:46] Текст ошибки:
        Page not found | Файл: D:\OpenServer\domains\ishop2.local\public\index.php | Строка: 9
==================
[2022-04-28 17:54:07] Текст ошибки:
        Page not found | Файл: D:\OpenServer\domains\ishop2.local\public\index.php | Строка: 9
==================
[2022-04-28 17:54:08] Текст ошибки:
        Page not found | Файл: D:\OpenServer\domains\ishop2.local\public\index.php | Строка: 9
==================
[2022-04-28 17:54:19] Текст ошибки:
        Page not found | Файл: D:\OpenServer\domains\ishop2.local\public\index.php | Строка: 9
==================
[2022-04-28 17:54:21] Текст ошибки:
        Page not found | Файл: D:\OpenServer\domains\ishop2.local\public\index.php | Строка: 9
==================
[2022-04-28 17:54:31] Текст ошибки:
        Page not found | Файл: D:\OpenServer\domains\ishop2.local\public\index.php | Строка: 9
==================
[2022-04-28 17:54:33] Текст ошибки:
        Page not found | Файл: D:\OpenServer\domains\ishop2.local\public\index.php | Строка: 9
==================
[2022-05-03 14:06:50] Текст ошибки:
        Контроллер app\controllers\MainController не найден | Файл: D:\OpenServer\domains\ishop2.local\vendor\ishop\core\Router.php | Строка: 34
==================
[2022-05-03 14:06:51] Текст ошибки:
        Страница не найдена | Файл: D:\OpenServer\domains\ishop2.local\vendor\ishop\core\Router.php | Строка: 37
==================
[2022-05-03 14:09:14] Текст ошибки:
        Страница не найдена | Файл: D:\OpenServer\domains\ishop2.local\vendor\ishop\core\Router.php | Строка: 37
==================
[2022-05-03 14:12:17] Текст ошибки:
        Метод app\controllers\PageController::indexAction не найден | Файл: D:\OpenServer\domains\ishop2.local\vendor\ishop\core\Router.php | Строка: 31
==================
[2022-05-03 14:23:12] Текст ошибки:
        Страница не найдена | Файл: D:\OpenServer\domains\ishop2.local\vendor\ishop\core\Router.php | Строка: 37
==================
[2022-05-03 14:24:36] Текст ошибки:
        Страница не найдена | Файл: D:\OpenServer\domains\ishop2.local\vendor\ishop\core\Router.php | Строка: 37
==================
[2022-05-03 14:25:44] Текст ошибки:
        Страница не найдена | Файл: D:\OpenServer\domains\ishop2.local\vendor\ishop\core\Router.php | Строка: 37
==================
[2022-05-03 14:26:00] Текст ошибки:
        Страница не найдена | Файл: D:\OpenServer\domains\ishop2.local\vendor\ishop\core\Router.php | Строка: 37
==================
[2022-05-03 14:28:32] Текст ошибки:
        Страница не найдена | Файл: D:\OpenServer\domains\ishop2.local\vendor\ishop\core\Router.php | Строка: 37
==================
[2022-05-03 14:52:26] Текст ошибки:
        Страница не найдена | Файл: D:\OpenServer\domains\ishop2.local\vendor\ishop\core\Router.php | Строка: 38
==================
[2022-05-03 14:52:38] Текст ошибки:
        Страница не найдена | Файл: D:\OpenServer\domains\ishop2.local\vendor\ishop\core\Router.php | Строка: 38
==================
[2022-05-03 14:53:11] Текст ошибки:
        Страница не найдена | Файл: D:\OpenServer\domains\ishop2.local\vendor\ishop\core\Router.php | Строка: 38
==================
[2022-05-03 14:55:02] Текст ошибки:
        Not found view D:\OpenServer\domains\ishop2.local/app/view/Main/index.php | Файл: D:\OpenServer\domains\ishop2.local\vendor\ishop\core\base\View.php | Строка: 39
==================
[2022-05-03 14:55:03] Текст ошибки:
        Страница не найдена | Файл: D:\OpenServer\domains\ishop2.local\vendor\ishop\core\Router.php | Строка: 38
==================
[2022-05-03 14:55:46] Текст ошибки:
        Not found view D:\OpenServer\domains\ishop2.local/app/view/Main/index.php | Файл: D:\OpenServer\domains\ishop2.local\vendor\ishop\core\base\View.php | Строка: 39
==================
[2022-05-03 14:55:47] Текст ошибки:
        Страница не найдена | Файл: D:\OpenServer\domains\ishop2.local\vendor\ishop\core\Router.php | Строка: 38
==================
[2022-05-03 14:56:43] Текст ошибки:
        Страница не найдена | Файл: D:\OpenServer\domains\ishop2.local\vendor\ishop\core\Router.php | Строка: 38
==================
[2022-05-03 14:57:08] Текст ошибки:
        Страница не найдена | Файл: D:\OpenServer\domains\ishop2.local\vendor\ishop\core\Router.php | Строка: 38
==================
[2022-05-03 14:58:28] Текст ошибки:
        Страница не найдена | Файл: D:\OpenServer\domains\ishop2.local\vendor\ishop\core\Router.php | Строка: 38
==================
[2022-05-03 14:58:42] Текст ошибки:
        Страница не найдена | Файл: D:\OpenServer\domains\ishop2.local\vendor\ishop\core\Router.php | Строка: 38
==================
[2022-05-03 15:00:34] Текст ошибки:
        Страница не найдена | Файл: D:\OpenServer\domains\ishop2.local\vendor\ishop\core\Router.php | Строка: 38
==================
[2022-05-03 15:02:58] Текст ошибки:
        Страница не найдена | Файл: D:\OpenServer\domains\ishop2.local\vendor\ishop\core\Router.php | Строка: 38
==================
[2022-05-03 15:04:25] Текст ошибки:
        Страница не найдена | Файл: D:\OpenServer\domains\ishop2.local\vendor\ishop\core\Router.php | Строка: 38
==================
[2022-05-03 15:18:14] Текст ошибки:
        Страница не найдена | Файл: D:\OpenServer\domains\ishop2.local\vendor\ishop\core\Router.php | Строка: 38
==================
[2022-05-03 15:22:13] Текст ошибки:
        Страница не найдена | Файл: D:\OpenServer\domains\ishop2.local\vendor\ishop\core\Router.php | Строка: 38
==================
[2022-05-03 15:24:52] Текст ошибки:
        Страница не найдена | Файл: D:\OpenServer\domains\ishop2.local\vendor\ishop\core\Router.php | Строка: 38
==================
[2022-05-03 15:25:03] Текст ошибки:
        Страница не найдена | Файл: D:\OpenServer\domains\ishop2.local\vendor\ishop\core\Router.php | Строка: 38
==================
[2022-05-03 15:27:39] Текст ошибки:
        Страница не найдена | Файл: D:\OpenServer\domains\ishop2.local\vendor\ishop\core\Router.php | Строка: 38
==================
[2022-05-03 15:27:53] Текст ошибки:
        Страница не найдена | Файл: D:\OpenServer\domains\ishop2.local\vendor\ishop\core\Router.php | Строка: 38
==================
[2022-05-03 15:28:16] Текст ошибки:
        Страница не найдена | Файл: D:\OpenServer\domains\ishop2.local\vendor\ishop\core\Router.php | Строка: 38
==================
